# JRE version: Java(TM) SE Runtime Environment (8.0_181-b13) (build 1.8.0_181-b13)
# Java VM: Java HotSpot(TM) Server VM (25.181-b13 mixed mode windows-x86 )
Heap:
 garbage-first heap   total 44032K, used 34983K [0x13200000, 0x133000ac, 0x23200000)
  region size 1024K, 2 young (2048K), 1 survivors (1024K)
 Metaspace       used 27636K, capacity 28001K, committed 28160K, reserved 29056K
GC Heap History (10 events):
Event: 40.468 GC heap before
{Heap before GC invocations=118 (full 2):
 garbage-first heap   total 44032K, used 35022K [0x13200000, 0x133000ac, 0x23200000)
  region size 1024K, 2 young (2048K), 1 survivors (1024K)
 Metaspace       used 27623K, capacity 27969K, committed 28160K, reserved 29056K
Event: 40.562 GC heap after
Heap after GC invocations=119 (full 3):
 garbage-first heap   total 40960K, used 34946K [0x13200000, 0x133000a0, 0x23200000)
  region size 1024K, 0 young (0K), 0 survivors (0K)
 Metaspace       used 27623K, capacity 27969K, committed 28160K, reserved 29056K
}
Event: 40.563 GC heap before
{Heap before GC invocations=119 (full 3):
 garbage-first heap   total 40960K, used 34946K [0x13200000, 0x133000a0, 0x23200000)
  region size 1024K, 0 young (0K), 0 survivors (0K)
 Metaspace       used 27623K, capacity 27969K, committed 28160K, reserved 29056K
Event: 40.565 GC heap after
Heap after GC invocations=120 (full 3):
 garbage-first heap   total 40960K, used 34946K [0x13200000, 0x133000a0, 0x23200000)
  region size 1024K, 0 young (0K), 0 survivors (0K)
 Metaspace       used 27623K, capacity 27969K, committed 28160K, reserved 29056K
}
Event: 40.565 GC heap before
{Heap before GC invocations=120 (full 3):
 garbage-first heap   total 40960K, used 34946K [0x13200000, 0x133000a0, 0x23200000)
  region size 1024K, 0 young (0K), 0 survivors (0K)
 Metaspace       used 27623K, capacity 27969K, committed 28160K, reserved 29056K
Event: 40.568 GC heap after
Heap after GC invocations=121 (full 3):
 garbage-first heap   total 40960K, used 34946K [0x13200000, 0x133000a0, 0x23200000)
  region size 1024K, 0 young (0K), 0 survivors (0K)
 Metaspace       used 27623K, capacity 27969K, committed 28160K, reserved 29056K
}
Event: 41.742 GC heap before
{Heap before GC invocations=122 (full 3):
 garbage-first heap   total 41984K, used 35970K [0x13200000, 0x133000a4, 0x23200000)
  region size 1024K, 1 young (1024K), 0 survivors (0K)
 Metaspace       used 27631K, capacity 28001K, committed 28160K, reserved 29056K
Event: 41.745 GC heap after
Heap after GC invocations=123 (full 3):
 garbage-first heap   total 43008K, used 35010K [0x13200000, 0x133000a8, 0x23200000)
  region size 1024K, 1 young (1024K), 1 survivors (1024K)
 Metaspace       used 27631K, capacity 28001K, committed 28160K, reserved 29056K
}
Event: 42.379 GC heap before
{Heap before GC invocations=123 (full 3):
 garbage-first heap   total 43008K, used 36034K [0x13200000, 0x133000a8, 0x23200000)
  region size 1024K, 2 young (2048K), 1 survivors (1024K)
 Metaspace       used 27636K, capacity 28001K, committed 28160K, reserved 29056K
Event: 42.381 GC heap after
Heap after GC invocations=124 (full 3):
 garbage-first heap   total 44032K, used 34983K [0x13200000, 0x133000ac, 0x23200000)
  region size 1024K, 1 young (1024K), 1 survivors (1024K)
 Metaspace       used 27636K, capacity 28001K, committed 28160K, reserved 29056K
}

