# JRE version: Java(TM) SE Runtime Environment (8.0_181-b13) (build 1.8.0_181-b13)
# Java VM: Java HotSpot(TM) Server VM (25.181-b13 mixed mode windows-x86 )
Heap:
 garbage-first heap   total 32768K, used 18209K [0x13800000, 0x13900080, 0x23800000)
  region size 1024K, 3 young (3072K), 2 survivors (2048K)
 Metaspace       used 20651K, capacity 20971K, committed 20992K, reserved 21888K
GC Heap History (10 events):
Event: 11.715 GC heap before
{Heap before GC invocations=7 (full 0):
 garbage-first heap   total 32768K, used 16865K [0x13800000, 0x13900080, 0x23800000)
  region size 1024K, 3 young (3072K), 2 survivors (2048K)
 Metaspace       used 17263K, capacity 17480K, committed 17664K, reserved 17792K
Event: 11.719 GC heap after
Heap after GC invocations=8 (full 0):
 garbage-first heap   total 32768K, used 12688K [0x13800000, 0x13900080, 0x23800000)
  region size 1024K, 1 young (1024K), 1 survivors (1024K)
 Metaspace       used 17263K, capacity 17480K, committed 17664K, reserved 17792K
}
Event: 11.753 GC heap before
{Heap before GC invocations=8 (full 0):
 garbage-first heap   total 32768K, used 13712K [0x13800000, 0x13900080, 0x23800000)
  region size 1024K, 2 young (2048K), 1 survivors (1024K)
 Metaspace       used 17411K, capacity 17672K, committed 17792K, reserved 17792K
Event: 11.759 GC heap after
Heap after GC invocations=9 (full 0):
 garbage-first heap   total 32768K, used 11612K [0x13800000, 0x13900080, 0x23800000)
  region size 1024K, 1 young (1024K), 1 survivors (1024K)
 Metaspace       used 17411K, capacity 17672K, committed 17792K, reserved 17792K
}
Event: 12.431 GC heap before
{Heap before GC invocations=9 (full 0):
 garbage-first heap   total 32768K, used 25948K [0x13800000, 0x13900080, 0x23800000)
  region size 1024K, 15 young (15360K), 1 survivors (1024K)
 Metaspace       used 18452K, capacity 18730K, committed 18816K, reserved 18816K
Event: 12.438 GC heap after
Heap after GC invocations=10 (full 0):
 garbage-first heap   total 32768K, used 13802K [0x13800000, 0x13900080, 0x23800000)
  region size 1024K, 2 young (2048K), 2 survivors (2048K)
 Metaspace       used 18452K, capacity 18730K, committed 18816K, reserved 18816K
}
Event: 13.071 GC heap before
{Heap before GC invocations=10 (full 0):
 garbage-first heap   total 32768K, used 26090K [0x13800000, 0x13900080, 0x23800000)
  region size 1024K, 14 young (14336K), 2 survivors (2048K)
 Metaspace       used 19506K, capacity 19823K, committed 19840K, reserved 19840K
Event: 13.078 GC heap after
Heap after GC invocations=11 (full 0):
 garbage-first heap   total 32768K, used 16622K [0x13800000, 0x13900080, 0x23800000)
  region size 1024K, 2 young (2048K), 2 survivors (2048K)
 Metaspace       used 19506K, capacity 19823K, committed 19840K, reserved 19840K
}
Event: 13.724 GC heap before
{Heap before GC invocations=11 (full 0):
 garbage-first heap   total 32768K, used 25838K [0x13800000, 0x13900080, 0x23800000)
  region size 1024K, 11 young (11264K), 2 survivors (2048K)
 Metaspace       used 20556K, capacity 20907K, committed 20992K, reserved 21888K
Event: 13.732 GC heap after
Heap after GC invocations=12 (full 0):
 garbage-first heap   total 32768K, used 18209K [0x13800000, 0x13900080, 0x23800000)
  region size 1024K, 2 young (2048K), 2 survivors (2048K)
 Metaspace       used 20556K, capacity 20907K, committed 20992K, reserved 21888K
}

